<?xml version="1.0" encoding="UTF-8"?>
<!-- Generated by org.testng.reporters.JUnitReportReporter -->
<testsuite hostname="HMECL002132" failures="0" tests="3" name="A" time="123.007" errors="0" timestamp="14 Dec 2023 09:44:20 GMT" skipped="0">
  <testcase classname="A" name="name" time="35.193"/>
  <testcase classname="A" name="name" time="35.823"/>
  <testcase classname="A" name="name" time="51.991"/>
</testsuite> <!-- A -->
