<?xml version="1.0" encoding="UTF-8"?>
<!-- Generated by org.testng.reporters.JUnitReportReporter -->
<testsuite hostname="HMECL002132" failures="0" tests="1" name="A" time="34.870" errors="0" timestamp="12 Dec 2023 10:53:21 GMT" skipped="0">
  <testcase classname="A" name="name" time="34.870"/>
</testsuite> <!-- A -->
