<?xml version="1.0" encoding="UTF-8"?>
<!-- Generated by org.testng.reporters.JUnitReportReporter -->
<testsuite hostname="HMECL002132" failures="0" tests="1" name="A" time="28.953" errors="0" timestamp="07 Dec 2023 17:20:41 GMT" skipped="0">
  <testcase classname="A" name="name" time="28.953"/>
</testsuite> <!-- A -->
