<?xml version="1.0" encoding="UTF-8"?>
<!-- Generated by org.testng.reporters.JUnitReportReporter -->
<testsuite hostname="HMECL002132" failures="0" tests="1" name="com.hm.tmf.kraios.KraiosTest" time="13.827" errors="0" timestamp="07 Jun 2023 10:22:56 GMT" skipped="0">
  <testcase classname="com.hm.tmf.kraios.KraiosTest" name="AuditLogTest" time="13.827"/>
</testsuite> <!-- com.hm.tmf.kraios.KraiosTest -->
