<?xml version="1.0" encoding="UTF-8"?>
<!-- Generated by org.testng.reporters.JUnitReportReporter -->
<testsuite hostname="HMECL002132" failures="0" tests="2" name="com.hm.culturekings.base.Test" time="30.519" errors="0" timestamp="28 Apr 2023 11:32:54 GMT" skipped="0">
  <testcase classname="com.hm.culturekings.base.Test" name="EnateTest2" time="18.131"/>
  <testcase classname="com.hm.culturekings.base.Test" name="EnateTest" time="12.388"/>
</testsuite> <!-- com.hm.culturekings.base.Test -->
