<?xml version="1.0" encoding="UTF-8"?>
<!-- Generated by org.testng.reporters.JUnitReportReporter -->
<testsuite hostname="HMECL002132" failures="0" tests="1" name="Test2" time="39.201" errors="0" timestamp="13 May 2023 12:20:34 GMT" skipped="0">
  <testcase classname="Test2" name="name" time="39.201"/>
</testsuite> <!-- Test2 -->
