<?xml version="1.0" encoding="UTF-8"?>
<!-- Generated by org.testng.reporters.JUnitReportReporter -->
<testsuite hostname="HMECL002132" failures="0" tests="2" name="com.hm.tmf.kraios.WorkFlowAuditLogTest" time="43.718" errors="0" timestamp="08 Jun 2023 04:42:11 GMT" skipped="0">
  <testcase classname="com.hm.tmf.kraios.WorkFlowAuditLogTest" name="verifyActivityTab" time="22.151"/>
  <testcase classname="com.hm.tmf.kraios.WorkFlowAuditLogTest" name="verifyActionTab" time="21.567"/>
</testsuite> <!-- com.hm.tmf.kraios.WorkFlowAuditLogTest -->
